<?xml version="1.0" encoding="UTF-8"?>
<testng-results ignored="0" total="2" passed="2" failed="0" skipped="0">
  <reporter-output>
  </reporter-output>
  <suite started-at="2020-12-20T21:06:24 EST" name="Default suite" finished-at="2020-12-20T21:06:24 EST" duration-ms="89">
    <groups>
    </groups>
    <test started-at="2020-12-20T21:06:24 EST" name="Default test" finished-at="2020-12-20T21:06:24 EST" duration-ms="89">
      <class name="com.test.TestNgBasics">
        <test-method is-config="true" signature="beforeSuite()[pri:0, instance:com.test.TestNgBasics@434a63ab]" started-at="2020-12-20T21:06:24 EST" name="beforeSuite" finished-at="2020-12-20T21:06:24 EST" duration-ms="32" status="PASS">
          <reporter-output>
          </reporter-output>
        </test-method> <!-- beforeSuite -->
        <test-method is-config="true" signature="beforeTest()[pri:0, instance:com.test.TestNgBasics@434a63ab]" started-at="2020-12-20T21:06:24 EST" name="beforeTest" finished-at="2020-12-20T21:06:24 EST" duration-ms="1" status="PASS">
          <reporter-output>
          </reporter-output>
        </test-method> <!-- beforeTest -->
        <test-method is-config="true" signature="beforClass()[pri:0, instance:com.test.TestNgBasics@434a63ab]" started-at="2020-12-20T21:06:24 EST" name="beforClass" finished-at="2020-12-20T21:06:24 EST" duration-ms="0" status="PASS">
          <reporter-output>
          </reporter-output>
        </test-method> <!-- beforClass -->
        <test-method is-config="true" signature="beforeMethod()[pri:0, instance:com.test.TestNgBasics@434a63ab]" started-at="2020-12-20T21:06:24 EST" name="beforeMethod" finished-at="2020-12-20T21:06:24 EST" duration-ms="0" status="PASS">
          <reporter-output>
          </reporter-output>
        </test-method> <!-- beforeMethod -->
        <test-method signature="testOne()[pri:0, instance:com.test.TestNgBasics@434a63ab]" started-at="2020-12-20T21:06:24 EST" name="testOne" finished-at="2020-12-20T21:06:24 EST" duration-ms="7" status="PASS">
          <reporter-output>
          </reporter-output>
        </test-method> <!-- testOne -->
        <test-method is-config="true" signature="afterMethod()[pri:0, instance:com.test.TestNgBasics@434a63ab]" started-at="2020-12-20T21:06:24 EST" name="afterMethod" finished-at="2020-12-20T21:06:24 EST" duration-ms="0" status="PASS">
          <reporter-output>
          </reporter-output>
        </test-method> <!-- afterMethod -->
        <test-method signature="testTwo()[pri:0, instance:com.test.TestNgBasics@434a63ab]" started-at="2020-12-20T21:06:24 EST" name="testTwo" finished-at="2020-12-20T21:06:24 EST" duration-ms="4" status="PASS">
          <reporter-output>
          </reporter-output>
        </test-method> <!-- testTwo -->
        <test-method is-config="true" signature="beforeMethod()[pri:0, instance:com.test.TestNgBasics@434a63ab]" started-at="2020-12-20T21:06:24 EST" name="beforeMethod" finished-at="2020-12-20T21:06:24 EST" duration-ms="0" status="PASS">
          <reporter-output>
          </reporter-output>
        </test-method> <!-- beforeMethod -->
        <test-method is-config="true" signature="afterMethod()[pri:0, instance:com.test.TestNgBasics@434a63ab]" started-at="2020-12-20T21:06:24 EST" name="afterMethod" finished-at="2020-12-20T21:06:24 EST" duration-ms="1" status="PASS">
          <reporter-output>
          </reporter-output>
        </test-method> <!-- afterMethod -->
        <test-method is-config="true" signature="afterClass()[pri:0, instance:com.test.TestNgBasics@434a63ab]" started-at="2020-12-20T21:06:24 EST" name="afterClass" finished-at="2020-12-20T21:06:24 EST" duration-ms="0" status="PASS">
          <reporter-output>
          </reporter-output>
        </test-method> <!-- afterClass -->
        <test-method is-config="true" signature="afterTest()[pri:0, instance:com.test.TestNgBasics@434a63ab]" started-at="2020-12-20T21:06:24 EST" name="afterTest" finished-at="2020-12-20T21:06:24 EST" duration-ms="0" status="PASS">
          <reporter-output>
          </reporter-output>
        </test-method> <!-- afterTest -->
        <test-method is-config="true" signature="afterSuite()[pri:0, instance:com.test.TestNgBasics@434a63ab]" started-at="2020-12-20T21:06:24 EST" name="afterSuite" finished-at="2020-12-20T21:06:24 EST" duration-ms="1" status="PASS">
          <reporter-output>
          </reporter-output>
        </test-method> <!-- afterSuite -->
      </class> <!-- com.test.TestNgBasics -->
    </test> <!-- Default test -->
  </suite> <!-- Default suite -->
</testng-results>
